2021-08-15 14:13:24,548 [Worker-11: Loading available Gradle versions] INFO  o.e.b.c.i.u.g.PublishedGradleVersions - Gradle version information cache is up-to-date. Trying to read.
2021-08-15 14:14:19,119 [Worker-0: Loading available Gradle versions] INFO  o.e.b.c.i.u.g.PublishedGradleVersions - Gradle version information cache is up-to-date. Trying to read.
2021-08-15 14:19:27,426 [Worker-20: Creating project "itDeptMagazine"] INFO  o.e.m.c.i.l.LifecycleMappingFactory - Using org.eclipse.m2e.jdt.JarLifecycleMapping lifecycle mapping for MavenProject: live.rishabh.project.vsem:itDeptMagazine:0.0.1-SNAPSHOT @ /hdd/industrial trainong/vsem/src code/itDeptMagazine/itDeptMagazine/pom.xml.
2021-08-15 14:19:27,804 [Worker-20: Creating project "itDeptMagazine"] INFO  o.e.m.j.i.AbstractJavaProjectConfigurator - Adding source folder /itDeptMagazine/src/main/java
2021-08-15 14:19:27,805 [Worker-20: Creating project "itDeptMagazine"] INFO  o.e.m.j.i.AbstractJavaProjectConfigurator - Adding resource folder /itDeptMagazine/src/main/resources
2021-08-15 14:19:27,806 [Worker-20: Creating project "itDeptMagazine"] INFO  o.e.m.j.i.AbstractJavaProjectConfigurator - Adding source folder /itDeptMagazine/src/test/java
2021-08-15 14:19:27,806 [Worker-20: Creating project "itDeptMagazine"] INFO  o.e.m.j.i.AbstractJavaProjectConfigurator - Adding resource folder /itDeptMagazine/src/test/resources
2021-08-15 14:19:28,743 [Worker-12: Building] WARN  o.e.m.c.i.embedder.EclipseLogger - Using platform encoding (UTF-8 actually) to copy filtered resources, i.e. build is platform dependent!
2021-08-15 14:19:28,751 [Worker-12: Building] INFO  o.e.m.c.i.embedder.EclipseLogger - Copying 0 resource
2021-08-15 14:19:28,754 [Worker-12: Building] WARN  o.e.m.c.i.embedder.EclipseLogger - Using platform encoding (UTF-8 actually) to copy filtered resources, i.e. build is platform dependent!
2021-08-15 14:19:28,755 [Worker-12: Building] INFO  o.e.m.c.i.embedder.EclipseLogger - Copying 0 resource
2021-08-15 14:19:59,052 [Worker-17: Building] WARN  o.e.m.c.i.embedder.EclipseLogger - Using platform encoding (UTF-8 actually) to copy filtered resources, i.e. build is platform dependent!
2021-08-15 14:19:59,056 [Worker-17: Building] INFO  o.e.m.c.i.embedder.EclipseLogger - Copying 0 resource
2021-08-15 14:19:59,057 [Worker-17: Building] WARN  o.e.m.c.i.embedder.EclipseLogger - Using platform encoding (UTF-8 actually) to copy filtered resources, i.e. build is platform dependent!
2021-08-15 14:19:59,058 [Worker-17: Building] INFO  o.e.m.c.i.embedder.EclipseLogger - Copying 0 resource
2021-08-15 14:20:00,073 [Worker-12: Building] WARN  o.e.m.c.i.embedder.EclipseLogger - Using platform encoding (UTF-8 actually) to copy filtered resources, i.e. build is platform dependent!
2021-08-15 14:20:00,074 [Worker-12: Building] INFO  o.e.m.c.i.embedder.EclipseLogger - Copying 0 resource
2021-08-15 14:20:00,075 [Worker-12: Building] WARN  o.e.m.c.i.embedder.EclipseLogger - Using platform encoding (UTF-8 actually) to copy filtered resources, i.e. build is platform dependent!
2021-08-15 14:20:00,076 [Worker-12: Building] INFO  o.e.m.c.i.embedder.EclipseLogger - Copying 0 resource
2021-08-15 14:21:23,634 [Worker-9: Launching MainFrame] WARN  o.e.m.c.i.embedder.EclipseLogger - Using platform encoding (UTF-8 actually) to copy filtered resources, i.e. build is platform dependent!
2021-08-15 14:21:23,637 [Worker-9: Launching MainFrame] INFO  o.e.m.c.i.embedder.EclipseLogger - Copying 0 resource
2021-08-15 14:21:23,638 [Worker-9: Launching MainFrame] WARN  o.e.m.c.i.embedder.EclipseLogger - Using platform encoding (UTF-8 actually) to copy filtered resources, i.e. build is platform dependent!
2021-08-15 14:21:23,639 [Worker-9: Launching MainFrame] INFO  o.e.m.c.i.embedder.EclipseLogger - Copying 0 resource
2021-08-15 14:26:13,299 [Worker-9: Launching MainFrame] WARN  o.e.m.c.i.embedder.EclipseLogger - Using platform encoding (UTF-8 actually) to copy filtered resources, i.e. build is platform dependent!
2021-08-15 14:26:13,300 [Worker-9: Launching MainFrame] INFO  o.e.m.c.i.embedder.EclipseLogger - Copying 0 resource
2021-08-15 14:26:13,301 [Worker-9: Launching MainFrame] WARN  o.e.m.c.i.embedder.EclipseLogger - Using platform encoding (UTF-8 actually) to copy filtered resources, i.e. build is platform dependent!
2021-08-15 14:26:13,301 [Worker-9: Launching MainFrame] INFO  o.e.m.c.i.embedder.EclipseLogger - Copying 0 resource
2021-08-15 14:27:36,616 [Worker-21: Launching MainFrame] WARN  o.e.m.c.i.embedder.EclipseLogger - Using platform encoding (UTF-8 actually) to copy filtered resources, i.e. build is platform dependent!
2021-08-15 14:27:36,617 [Worker-21: Launching MainFrame] INFO  o.e.m.c.i.embedder.EclipseLogger - Copying 0 resource
2021-08-15 14:27:36,617 [Worker-21: Launching MainFrame] WARN  o.e.m.c.i.embedder.EclipseLogger - Using platform encoding (UTF-8 actually) to copy filtered resources, i.e. build is platform dependent!
2021-08-15 14:27:36,618 [Worker-21: Launching MainFrame] INFO  o.e.m.c.i.embedder.EclipseLogger - Copying 0 resource
2021-08-15 14:38:15,437 [Worker-10: Loading available Gradle versions] INFO  o.e.b.c.i.u.g.PublishedGradleVersions - Gradle version information cache is up-to-date. Trying to read.
2021-08-15 14:38:16,940 [Worker-10: Launching MainFrame] WARN  o.e.m.c.i.embedder.EclipseLogger - Using platform encoding (UTF-8 actually) to copy filtered resources, i.e. build is platform dependent!
2021-08-15 14:38:16,944 [Worker-10: Launching MainFrame] INFO  o.e.m.c.i.embedder.EclipseLogger - Copying 0 resource
2021-08-15 14:38:16,947 [Worker-10: Launching MainFrame] WARN  o.e.m.c.i.embedder.EclipseLogger - Using platform encoding (UTF-8 actually) to copy filtered resources, i.e. build is platform dependent!
2021-08-15 14:38:16,947 [Worker-10: Launching MainFrame] INFO  o.e.m.c.i.embedder.EclipseLogger - Copying 0 resource
2021-08-15 14:45:02,818 [Worker-23: Launching MainFrame] WARN  o.e.m.c.i.embedder.EclipseLogger - Using platform encoding (UTF-8 actually) to copy filtered resources, i.e. build is platform dependent!
2021-08-15 14:45:02,823 [Worker-23: Launching MainFrame] INFO  o.e.m.c.i.embedder.EclipseLogger - Copying 0 resource
2021-08-15 14:45:02,826 [Worker-23: Launching MainFrame] WARN  o.e.m.c.i.embedder.EclipseLogger - Using platform encoding (UTF-8 actually) to copy filtered resources, i.e. build is platform dependent!
2021-08-15 14:45:02,827 [Worker-23: Launching MainFrame] INFO  o.e.m.c.i.embedder.EclipseLogger - Copying 0 resource
2021-08-15 14:45:12,395 [Worker-21: Launching MainFrame] WARN  o.e.m.c.i.embedder.EclipseLogger - Using platform encoding (UTF-8 actually) to copy filtered resources, i.e. build is platform dependent!
2021-08-15 14:45:12,396 [Worker-21: Launching MainFrame] INFO  o.e.m.c.i.embedder.EclipseLogger - Copying 0 resource
2021-08-15 14:45:12,398 [Worker-21: Launching MainFrame] WARN  o.e.m.c.i.embedder.EclipseLogger - Using platform encoding (UTF-8 actually) to copy filtered resources, i.e. build is platform dependent!
2021-08-15 14:45:12,399 [Worker-21: Launching MainFrame] INFO  o.e.m.c.i.embedder.EclipseLogger - Copying 0 resource
2021-08-15 14:46:01,046 [Worker-21: Launching MainFrame] WARN  o.e.m.c.i.embedder.EclipseLogger - Using platform encoding (UTF-8 actually) to copy filtered resources, i.e. build is platform dependent!
2021-08-15 14:46:01,046 [Worker-21: Launching MainFrame] INFO  o.e.m.c.i.embedder.EclipseLogger - Copying 0 resource
2021-08-15 14:46:01,047 [Worker-21: Launching MainFrame] WARN  o.e.m.c.i.embedder.EclipseLogger - Using platform encoding (UTF-8 actually) to copy filtered resources, i.e. build is platform dependent!
2021-08-15 14:46:01,048 [Worker-21: Launching MainFrame] INFO  o.e.m.c.i.embedder.EclipseLogger - Copying 0 resource
2021-08-15 14:47:38,379 [Worker-23: Launching MainFrame] WARN  o.e.m.c.i.embedder.EclipseLogger - Using platform encoding (UTF-8 actually) to copy filtered resources, i.e. build is platform dependent!
2021-08-15 14:47:38,380 [Worker-23: Launching MainFrame] INFO  o.e.m.c.i.embedder.EclipseLogger - Copying 0 resource
2021-08-15 14:47:38,381 [Worker-23: Launching MainFrame] WARN  o.e.m.c.i.embedder.EclipseLogger - Using platform encoding (UTF-8 actually) to copy filtered resources, i.e. build is platform dependent!
2021-08-15 14:47:38,381 [Worker-23: Launching MainFrame] INFO  o.e.m.c.i.embedder.EclipseLogger - Copying 0 resource
2021-08-15 14:48:24,245 [Worker-25: Launching MainFrame] WARN  o.e.m.c.i.embedder.EclipseLogger - Using platform encoding (UTF-8 actually) to copy filtered resources, i.e. build is platform dependent!
2021-08-15 14:48:24,245 [Worker-25: Launching MainFrame] INFO  o.e.m.c.i.embedder.EclipseLogger - Copying 0 resource
2021-08-15 14:48:24,246 [Worker-25: Launching MainFrame] WARN  o.e.m.c.i.embedder.EclipseLogger - Using platform encoding (UTF-8 actually) to copy filtered resources, i.e. build is platform dependent!
2021-08-15 14:48:24,246 [Worker-25: Launching MainFrame] INFO  o.e.m.c.i.embedder.EclipseLogger - Copying 0 resource
2021-08-15 14:50:29,441 [Worker-26: Launching MainFrame] WARN  o.e.m.c.i.embedder.EclipseLogger - Using platform encoding (UTF-8 actually) to copy filtered resources, i.e. build is platform dependent!
2021-08-15 14:50:29,442 [Worker-26: Launching MainFrame] INFO  o.e.m.c.i.embedder.EclipseLogger - Copying 0 resource
2021-08-15 14:50:29,444 [Worker-26: Launching MainFrame] WARN  o.e.m.c.i.embedder.EclipseLogger - Using platform encoding (UTF-8 actually) to copy filtered resources, i.e. build is platform dependent!
2021-08-15 14:50:29,445 [Worker-26: Launching MainFrame] INFO  o.e.m.c.i.embedder.EclipseLogger - Copying 0 resource
2021-08-15 14:51:54,233 [Worker-29: Launching MainFrame] WARN  o.e.m.c.i.embedder.EclipseLogger - Using platform encoding (UTF-8 actually) to copy filtered resources, i.e. build is platform dependent!
2021-08-15 14:51:54,234 [Worker-29: Launching MainFrame] INFO  o.e.m.c.i.embedder.EclipseLogger - Copying 0 resource
2021-08-15 14:51:54,236 [Worker-29: Launching MainFrame] WARN  o.e.m.c.i.embedder.EclipseLogger - Using platform encoding (UTF-8 actually) to copy filtered resources, i.e. build is platform dependent!
2021-08-15 14:51:54,236 [Worker-29: Launching MainFrame] INFO  o.e.m.c.i.embedder.EclipseLogger - Copying 0 resource
2021-08-15 14:53:16,517 [Worker-28: Launching MainFrame] WARN  o.e.m.c.i.embedder.EclipseLogger - Using platform encoding (UTF-8 actually) to copy filtered resources, i.e. build is platform dependent!
2021-08-15 14:53:16,517 [Worker-28: Launching MainFrame] INFO  o.e.m.c.i.embedder.EclipseLogger - Copying 0 resource
2021-08-15 14:53:16,519 [Worker-28: Launching MainFrame] WARN  o.e.m.c.i.embedder.EclipseLogger - Using platform encoding (UTF-8 actually) to copy filtered resources, i.e. build is platform dependent!
2021-08-15 14:53:16,519 [Worker-28: Launching MainFrame] INFO  o.e.m.c.i.embedder.EclipseLogger - Copying 0 resource
2021-08-15 14:53:49,907 [Worker-25: Launching MainFrame] WARN  o.e.m.c.i.embedder.EclipseLogger - Using platform encoding (UTF-8 actually) to copy filtered resources, i.e. build is platform dependent!
2021-08-15 14:53:49,907 [Worker-25: Launching MainFrame] INFO  o.e.m.c.i.embedder.EclipseLogger - Copying 0 resource
2021-08-15 14:53:49,908 [Worker-25: Launching MainFrame] WARN  o.e.m.c.i.embedder.EclipseLogger - Using platform encoding (UTF-8 actually) to copy filtered resources, i.e. build is platform dependent!
2021-08-15 14:53:49,909 [Worker-25: Launching MainFrame] INFO  o.e.m.c.i.embedder.EclipseLogger - Copying 0 resource
2021-08-15 14:57:41,333 [Worker-28: Building] WARN  o.e.m.c.i.embedder.EclipseLogger - Using platform encoding (UTF-8 actually) to copy filtered resources, i.e. build is platform dependent!
2021-08-15 14:57:41,334 [Worker-28: Building] INFO  o.e.m.c.i.embedder.EclipseLogger - Copying 0 resource
2021-08-15 14:57:41,335 [Worker-28: Building] WARN  o.e.m.c.i.embedder.EclipseLogger - Using platform encoding (UTF-8 actually) to copy filtered resources, i.e. build is platform dependent!
2021-08-15 14:57:41,336 [Worker-28: Building] INFO  o.e.m.c.i.embedder.EclipseLogger - Copying 0 resource
2021-08-15 14:58:39,279 [Worker-28: Building] WARN  o.e.m.c.i.embedder.EclipseLogger - Using platform encoding (UTF-8 actually) to copy filtered resources, i.e. build is platform dependent!
2021-08-15 14:58:39,281 [Worker-28: Building] INFO  o.e.m.c.i.embedder.EclipseLogger - Copying 0 resource
2021-08-15 14:58:39,283 [Worker-28: Building] WARN  o.e.m.c.i.embedder.EclipseLogger - Using platform encoding (UTF-8 actually) to copy filtered resources, i.e. build is platform dependent!
2021-08-15 14:58:39,283 [Worker-28: Building] INFO  o.e.m.c.i.embedder.EclipseLogger - Copying 0 resource
2021-08-15 15:04:15,417 [Worker-31: Launching MainFrame] WARN  o.e.m.c.i.embedder.EclipseLogger - Using platform encoding (UTF-8 actually) to copy filtered resources, i.e. build is platform dependent!
2021-08-15 15:04:15,418 [Worker-31: Launching MainFrame] INFO  o.e.m.c.i.embedder.EclipseLogger - Copying 1 resource
2021-08-15 15:04:15,425 [Worker-31: Launching MainFrame] WARN  o.e.m.c.i.embedder.EclipseLogger - Using platform encoding (UTF-8 actually) to copy filtered resources, i.e. build is platform dependent!
2021-08-15 15:04:15,426 [Worker-31: Launching MainFrame] INFO  o.e.m.c.i.embedder.EclipseLogger - Copying 0 resource
2021-08-15 15:06:27,563 [Worker-31: Launching MainFrame] WARN  o.e.m.c.i.embedder.EclipseLogger - Using platform encoding (UTF-8 actually) to copy filtered resources, i.e. build is platform dependent!
2021-08-15 15:06:27,564 [Worker-31: Launching MainFrame] INFO  o.e.m.c.i.embedder.EclipseLogger - Copying 1 resource
2021-08-15 15:06:27,565 [Worker-31: Launching MainFrame] WARN  o.e.m.c.i.embedder.EclipseLogger - Using platform encoding (UTF-8 actually) to copy filtered resources, i.e. build is platform dependent!
2021-08-15 15:06:27,566 [Worker-31: Launching MainFrame] INFO  o.e.m.c.i.embedder.EclipseLogger - Copying 0 resource
2021-08-15 15:07:44,975 [Worker-28: Launching MainFrame] WARN  o.e.m.c.i.embedder.EclipseLogger - Using platform encoding (UTF-8 actually) to copy filtered resources, i.e. build is platform dependent!
2021-08-15 15:07:44,976 [Worker-28: Launching MainFrame] INFO  o.e.m.c.i.embedder.EclipseLogger - Copying 1 resource
2021-08-15 15:07:44,977 [Worker-28: Launching MainFrame] WARN  o.e.m.c.i.embedder.EclipseLogger - Using platform encoding (UTF-8 actually) to copy filtered resources, i.e. build is platform dependent!
2021-08-15 15:07:44,978 [Worker-28: Launching MainFrame] INFO  o.e.m.c.i.embedder.EclipseLogger - Copying 0 resource
2021-08-15 15:08:37,710 [Worker-32: Launching MainFrame] WARN  o.e.m.c.i.embedder.EclipseLogger - Using platform encoding (UTF-8 actually) to copy filtered resources, i.e. build is platform dependent!
2021-08-15 15:08:37,711 [Worker-32: Launching MainFrame] INFO  o.e.m.c.i.embedder.EclipseLogger - Copying 1 resource
2021-08-15 15:08:37,712 [Worker-32: Launching MainFrame] WARN  o.e.m.c.i.embedder.EclipseLogger - Using platform encoding (UTF-8 actually) to copy filtered resources, i.e. build is platform dependent!
2021-08-15 15:08:37,713 [Worker-32: Launching MainFrame] INFO  o.e.m.c.i.embedder.EclipseLogger - Copying 0 resource
2021-08-15 15:08:46,397 [Worker-28: Launching MainFrame] WARN  o.e.m.c.i.embedder.EclipseLogger - Using platform encoding (UTF-8 actually) to copy filtered resources, i.e. build is platform dependent!
2021-08-15 15:08:46,398 [Worker-28: Launching MainFrame] INFO  o.e.m.c.i.embedder.EclipseLogger - Copying 1 resource
2021-08-15 15:08:46,399 [Worker-28: Launching MainFrame] WARN  o.e.m.c.i.embedder.EclipseLogger - Using platform encoding (UTF-8 actually) to copy filtered resources, i.e. build is platform dependent!
2021-08-15 15:08:46,399 [Worker-28: Launching MainFrame] INFO  o.e.m.c.i.embedder.EclipseLogger - Copying 0 resource
2021-08-15 15:09:58,878 [Worker-32: Launching MainFrame] WARN  o.e.m.c.i.embedder.EclipseLogger - Using platform encoding (UTF-8 actually) to copy filtered resources, i.e. build is platform dependent!
2021-08-15 15:09:58,879 [Worker-32: Launching MainFrame] INFO  o.e.m.c.i.embedder.EclipseLogger - Copying 1 resource
2021-08-15 15:09:58,880 [Worker-32: Launching MainFrame] WARN  o.e.m.c.i.embedder.EclipseLogger - Using platform encoding (UTF-8 actually) to copy filtered resources, i.e. build is platform dependent!
2021-08-15 15:09:58,880 [Worker-32: Launching MainFrame] INFO  o.e.m.c.i.embedder.EclipseLogger - Copying 0 resource
2021-08-15 15:16:00,114 [Worker-37: Building] WARN  o.e.m.c.i.embedder.EclipseLogger - Using platform encoding (UTF-8 actually) to copy filtered resources, i.e. build is platform dependent!
2021-08-15 15:16:00,115 [Worker-37: Building] INFO  o.e.m.c.i.embedder.EclipseLogger - Copying 1 resource
2021-08-15 15:16:00,117 [Worker-37: Building] WARN  o.e.m.c.i.embedder.EclipseLogger - Using platform encoding (UTF-8 actually) to copy filtered resources, i.e. build is platform dependent!
2021-08-15 15:16:00,118 [Worker-37: Building] INFO  o.e.m.c.i.embedder.EclipseLogger - Copying 0 resource
2021-08-15 15:19:04,092 [Worker-40: Launching MainFrame] WARN  o.e.m.c.i.embedder.EclipseLogger - Using platform encoding (UTF-8 actually) to copy filtered resources, i.e. build is platform dependent!
2021-08-15 15:19:04,092 [Worker-40: Launching MainFrame] INFO  o.e.m.c.i.embedder.EclipseLogger - Copying 1 resource
2021-08-15 15:19:04,093 [Worker-40: Launching MainFrame] WARN  o.e.m.c.i.embedder.EclipseLogger - Using platform encoding (UTF-8 actually) to copy filtered resources, i.e. build is platform dependent!
2021-08-15 15:19:04,094 [Worker-40: Launching MainFrame] INFO  o.e.m.c.i.embedder.EclipseLogger - Copying 0 resource
2021-08-15 15:22:42,795 [Worker-40: Launching MainFrame] WARN  o.e.m.c.i.embedder.EclipseLogger - Using platform encoding (UTF-8 actually) to copy filtered resources, i.e. build is platform dependent!
2021-08-15 15:22:42,796 [Worker-40: Launching MainFrame] INFO  o.e.m.c.i.embedder.EclipseLogger - Copying 1 resource
2021-08-15 15:22:42,797 [Worker-40: Launching MainFrame] WARN  o.e.m.c.i.embedder.EclipseLogger - Using platform encoding (UTF-8 actually) to copy filtered resources, i.e. build is platform dependent!
2021-08-15 15:22:42,798 [Worker-40: Launching MainFrame] INFO  o.e.m.c.i.embedder.EclipseLogger - Copying 0 resource
2021-08-15 15:23:02,059 [Worker-41: Launching MainFrame] WARN  o.e.m.c.i.embedder.EclipseLogger - Using platform encoding (UTF-8 actually) to copy filtered resources, i.e. build is platform dependent!
2021-08-15 15:23:02,060 [Worker-41: Launching MainFrame] INFO  o.e.m.c.i.embedder.EclipseLogger - Copying 1 resource
2021-08-15 15:23:02,061 [Worker-41: Launching MainFrame] WARN  o.e.m.c.i.embedder.EclipseLogger - Using platform encoding (UTF-8 actually) to copy filtered resources, i.e. build is platform dependent!
2021-08-15 15:23:02,061 [Worker-41: Launching MainFrame] INFO  o.e.m.c.i.embedder.EclipseLogger - Copying 0 resource
2021-08-15 15:26:34,018 [Worker-41: Launching MainFrame] WARN  o.e.m.c.i.embedder.EclipseLogger - Using platform encoding (UTF-8 actually) to copy filtered resources, i.e. build is platform dependent!
2021-08-15 15:26:34,018 [Worker-41: Launching MainFrame] INFO  o.e.m.c.i.embedder.EclipseLogger - Copying 1 resource
2021-08-15 15:26:34,019 [Worker-41: Launching MainFrame] WARN  o.e.m.c.i.embedder.EclipseLogger - Using platform encoding (UTF-8 actually) to copy filtered resources, i.e. build is platform dependent!
2021-08-15 15:26:34,020 [Worker-41: Launching MainFrame] INFO  o.e.m.c.i.embedder.EclipseLogger - Copying 0 resource
2021-08-15 15:26:52,114 [Worker-43: Launching MainFrame] WARN  o.e.m.c.i.embedder.EclipseLogger - Using platform encoding (UTF-8 actually) to copy filtered resources, i.e. build is platform dependent!
2021-08-15 15:26:52,115 [Worker-43: Launching MainFrame] INFO  o.e.m.c.i.embedder.EclipseLogger - Copying 1 resource
2021-08-15 15:26:52,116 [Worker-43: Launching MainFrame] WARN  o.e.m.c.i.embedder.EclipseLogger - Using platform encoding (UTF-8 actually) to copy filtered resources, i.e. build is platform dependent!
2021-08-15 15:26:52,116 [Worker-43: Launching MainFrame] INFO  o.e.m.c.i.embedder.EclipseLogger - Copying 0 resource
2021-08-15 15:28:00,308 [Worker-40: Launching MainFrame] WARN  o.e.m.c.i.embedder.EclipseLogger - Using platform encoding (UTF-8 actually) to copy filtered resources, i.e. build is platform dependent!
2021-08-15 15:28:00,309 [Worker-40: Launching MainFrame] INFO  o.e.m.c.i.embedder.EclipseLogger - Copying 1 resource
2021-08-15 15:28:00,310 [Worker-40: Launching MainFrame] WARN  o.e.m.c.i.embedder.EclipseLogger - Using platform encoding (UTF-8 actually) to copy filtered resources, i.e. build is platform dependent!
2021-08-15 15:28:00,310 [Worker-40: Launching MainFrame] INFO  o.e.m.c.i.embedder.EclipseLogger - Copying 0 resource
2021-08-15 15:28:16,624 [Worker-41: Launching MainFrame] WARN  o.e.m.c.i.embedder.EclipseLogger - Using platform encoding (UTF-8 actually) to copy filtered resources, i.e. build is platform dependent!
2021-08-15 15:28:16,625 [Worker-41: Launching MainFrame] INFO  o.e.m.c.i.embedder.EclipseLogger - Copying 1 resource
2021-08-15 15:28:16,626 [Worker-41: Launching MainFrame] WARN  o.e.m.c.i.embedder.EclipseLogger - Using platform encoding (UTF-8 actually) to copy filtered resources, i.e. build is platform dependent!
2021-08-15 15:28:16,627 [Worker-41: Launching MainFrame] INFO  o.e.m.c.i.embedder.EclipseLogger - Copying 0 resource
2021-08-15 15:28:49,339 [Worker-44: Launching MainFrame] WARN  o.e.m.c.i.embedder.EclipseLogger - Using platform encoding (UTF-8 actually) to copy filtered resources, i.e. build is platform dependent!
2021-08-15 15:28:49,340 [Worker-44: Launching MainFrame] INFO  o.e.m.c.i.embedder.EclipseLogger - Copying 1 resource
2021-08-15 15:28:49,341 [Worker-44: Launching MainFrame] WARN  o.e.m.c.i.embedder.EclipseLogger - Using platform encoding (UTF-8 actually) to copy filtered resources, i.e. build is platform dependent!
2021-08-15 15:28:49,341 [Worker-44: Launching MainFrame] INFO  o.e.m.c.i.embedder.EclipseLogger - Copying 0 resource
2021-08-15 15:32:06,706 [Worker-45: Launching MainFrame] WARN  o.e.m.c.i.embedder.EclipseLogger - Using platform encoding (UTF-8 actually) to copy filtered resources, i.e. build is platform dependent!
2021-08-15 15:32:06,707 [Worker-45: Launching MainFrame] INFO  o.e.m.c.i.embedder.EclipseLogger - Copying 1 resource
2021-08-15 15:32:06,708 [Worker-45: Launching MainFrame] WARN  o.e.m.c.i.embedder.EclipseLogger - Using platform encoding (UTF-8 actually) to copy filtered resources, i.e. build is platform dependent!
2021-08-15 15:32:06,708 [Worker-45: Launching MainFrame] INFO  o.e.m.c.i.embedder.EclipseLogger - Copying 0 resource
2021-08-15 15:32:32,438 [Worker-46: Launching MainFrame] WARN  o.e.m.c.i.embedder.EclipseLogger - Using platform encoding (UTF-8 actually) to copy filtered resources, i.e. build is platform dependent!
2021-08-15 15:32:32,439 [Worker-46: Launching MainFrame] INFO  o.e.m.c.i.embedder.EclipseLogger - Copying 1 resource
2021-08-15 15:32:32,440 [Worker-46: Launching MainFrame] WARN  o.e.m.c.i.embedder.EclipseLogger - Using platform encoding (UTF-8 actually) to copy filtered resources, i.e. build is platform dependent!
2021-08-15 15:32:32,440 [Worker-46: Launching MainFrame] INFO  o.e.m.c.i.embedder.EclipseLogger - Copying 0 resource
2021-08-15 15:32:52,110 [Worker-46: Launching MainFrame] WARN  o.e.m.c.i.embedder.EclipseLogger - Using platform encoding (UTF-8 actually) to copy filtered resources, i.e. build is platform dependent!
2021-08-15 15:32:52,111 [Worker-46: Launching MainFrame] INFO  o.e.m.c.i.embedder.EclipseLogger - Copying 1 resource
2021-08-15 15:32:52,112 [Worker-46: Launching MainFrame] WARN  o.e.m.c.i.embedder.EclipseLogger - Using platform encoding (UTF-8 actually) to copy filtered resources, i.e. build is platform dependent!
2021-08-15 15:32:52,112 [Worker-46: Launching MainFrame] INFO  o.e.m.c.i.embedder.EclipseLogger - Copying 0 resource
2021-08-15 15:33:42,146 [Worker-45: Launching MainFrame] WARN  o.e.m.c.i.embedder.EclipseLogger - Using platform encoding (UTF-8 actually) to copy filtered resources, i.e. build is platform dependent!
2021-08-15 15:33:42,146 [Worker-45: Launching MainFrame] INFO  o.e.m.c.i.embedder.EclipseLogger - Copying 1 resource
2021-08-15 15:33:42,147 [Worker-45: Launching MainFrame] WARN  o.e.m.c.i.embedder.EclipseLogger - Using platform encoding (UTF-8 actually) to copy filtered resources, i.e. build is platform dependent!
2021-08-15 15:33:42,147 [Worker-45: Launching MainFrame] INFO  o.e.m.c.i.embedder.EclipseLogger - Copying 0 resource
2021-08-15 15:33:55,774 [Worker-41: Launching MainFrame] WARN  o.e.m.c.i.embedder.EclipseLogger - Using platform encoding (UTF-8 actually) to copy filtered resources, i.e. build is platform dependent!
2021-08-15 15:33:55,775 [Worker-41: Launching MainFrame] INFO  o.e.m.c.i.embedder.EclipseLogger - Copying 1 resource
2021-08-15 15:33:55,776 [Worker-41: Launching MainFrame] WARN  o.e.m.c.i.embedder.EclipseLogger - Using platform encoding (UTF-8 actually) to copy filtered resources, i.e. build is platform dependent!
2021-08-15 15:33:55,777 [Worker-41: Launching MainFrame] INFO  o.e.m.c.i.embedder.EclipseLogger - Copying 0 resource
2021-08-15 15:36:05,634 [Worker-40: Launching MainFrame] WARN  o.e.m.c.i.embedder.EclipseLogger - Using platform encoding (UTF-8 actually) to copy filtered resources, i.e. build is platform dependent!
2021-08-15 15:36:05,635 [Worker-40: Launching MainFrame] INFO  o.e.m.c.i.embedder.EclipseLogger - Copying 1 resource
2021-08-15 15:36:05,636 [Worker-40: Launching MainFrame] WARN  o.e.m.c.i.embedder.EclipseLogger - Using platform encoding (UTF-8 actually) to copy filtered resources, i.e. build is platform dependent!
2021-08-15 15:36:05,636 [Worker-40: Launching MainFrame] INFO  o.e.m.c.i.embedder.EclipseLogger - Copying 0 resource
2021-08-15 15:36:26,867 [Worker-45: Launching MainFrame] WARN  o.e.m.c.i.embedder.EclipseLogger - Using platform encoding (UTF-8 actually) to copy filtered resources, i.e. build is platform dependent!
2021-08-15 15:36:26,867 [Worker-45: Launching MainFrame] INFO  o.e.m.c.i.embedder.EclipseLogger - Copying 1 resource
2021-08-15 15:36:26,868 [Worker-45: Launching MainFrame] WARN  o.e.m.c.i.embedder.EclipseLogger - Using platform encoding (UTF-8 actually) to copy filtered resources, i.e. build is platform dependent!
2021-08-15 15:36:26,869 [Worker-45: Launching MainFrame] INFO  o.e.m.c.i.embedder.EclipseLogger - Copying 0 resource
2021-08-15 15:36:42,596 [Worker-45: Launching MainFrame] WARN  o.e.m.c.i.embedder.EclipseLogger - Using platform encoding (UTF-8 actually) to copy filtered resources, i.e. build is platform dependent!
2021-08-15 15:36:42,597 [Worker-45: Launching MainFrame] INFO  o.e.m.c.i.embedder.EclipseLogger - Copying 1 resource
2021-08-15 15:36:42,598 [Worker-45: Launching MainFrame] WARN  o.e.m.c.i.embedder.EclipseLogger - Using platform encoding (UTF-8 actually) to copy filtered resources, i.e. build is platform dependent!
2021-08-15 15:36:42,598 [Worker-45: Launching MainFrame] INFO  o.e.m.c.i.embedder.EclipseLogger - Copying 0 resource
2021-08-15 15:38:18,395 [Worker-41: Launching MainFrame] WARN  o.e.m.c.i.embedder.EclipseLogger - Using platform encoding (UTF-8 actually) to copy filtered resources, i.e. build is platform dependent!
2021-08-15 15:38:18,396 [Worker-41: Launching MainFrame] INFO  o.e.m.c.i.embedder.EclipseLogger - Copying 1 resource
2021-08-15 15:38:18,397 [Worker-41: Launching MainFrame] WARN  o.e.m.c.i.embedder.EclipseLogger - Using platform encoding (UTF-8 actually) to copy filtered resources, i.e. build is platform dependent!
2021-08-15 15:38:18,397 [Worker-41: Launching MainFrame] INFO  o.e.m.c.i.embedder.EclipseLogger - Copying 0 resource
2021-08-15 15:40:53,446 [Worker-47: Launching MainFrame] WARN  o.e.m.c.i.embedder.EclipseLogger - Using platform encoding (UTF-8 actually) to copy filtered resources, i.e. build is platform dependent!
2021-08-15 15:40:53,447 [Worker-47: Launching MainFrame] INFO  o.e.m.c.i.embedder.EclipseLogger - Copying 1 resource
2021-08-15 15:40:53,448 [Worker-47: Launching MainFrame] WARN  o.e.m.c.i.embedder.EclipseLogger - Using platform encoding (UTF-8 actually) to copy filtered resources, i.e. build is platform dependent!
2021-08-15 15:40:53,448 [Worker-47: Launching MainFrame] INFO  o.e.m.c.i.embedder.EclipseLogger - Copying 0 resource
2021-08-15 15:41:39,786 [Worker-44: Building] WARN  o.e.m.c.i.embedder.EclipseLogger - Using platform encoding (UTF-8 actually) to copy filtered resources, i.e. build is platform dependent!
2021-08-15 15:41:39,787 [Worker-44: Building] INFO  o.e.m.c.i.embedder.EclipseLogger - Copying 1 resource
2021-08-15 15:41:39,788 [Worker-44: Building] WARN  o.e.m.c.i.embedder.EclipseLogger - Using platform encoding (UTF-8 actually) to copy filtered resources, i.e. build is platform dependent!
2021-08-15 15:41:39,788 [Worker-44: Building] INFO  o.e.m.c.i.embedder.EclipseLogger - Copying 0 resource
2021-08-15 15:42:41,707 [Worker-44: Building] WARN  o.e.m.c.i.embedder.EclipseLogger - Using platform encoding (UTF-8 actually) to copy filtered resources, i.e. build is platform dependent!
2021-08-15 15:42:41,708 [Worker-44: Building] INFO  o.e.m.c.i.embedder.EclipseLogger - Copying 0 resource
2021-08-15 15:42:41,709 [Worker-44: Building] WARN  o.e.m.c.i.embedder.EclipseLogger - Using platform encoding (UTF-8 actually) to copy filtered resources, i.e. build is platform dependent!
2021-08-15 15:42:41,710 [Worker-44: Building] INFO  o.e.m.c.i.embedder.EclipseLogger - Copying 0 resource
2021-08-15 16:27:56,443 [Worker-50: Building] WARN  o.e.m.c.i.embedder.EclipseLogger - Using platform encoding (UTF-8 actually) to copy filtered resources, i.e. build is platform dependent!
2021-08-15 16:27:56,444 [Worker-50: Building] INFO  o.e.m.c.i.embedder.EclipseLogger - Copying 1 resource
2021-08-15 16:27:56,445 [Worker-50: Building] WARN  o.e.m.c.i.embedder.EclipseLogger - Using platform encoding (UTF-8 actually) to copy filtered resources, i.e. build is platform dependent!
2021-08-15 16:27:56,446 [Worker-50: Building] INFO  o.e.m.c.i.embedder.EclipseLogger - Copying 0 resource
2021-08-15 16:33:47,872 [Worker-50: Launching MainFrame] WARN  o.e.m.c.i.embedder.EclipseLogger - Using platform encoding (UTF-8 actually) to copy filtered resources, i.e. build is platform dependent!
2021-08-15 16:33:47,873 [Worker-50: Launching MainFrame] INFO  o.e.m.c.i.embedder.EclipseLogger - Copying 1 resource
2021-08-15 16:33:47,874 [Worker-50: Launching MainFrame] WARN  o.e.m.c.i.embedder.EclipseLogger - Using platform encoding (UTF-8 actually) to copy filtered resources, i.e. build is platform dependent!
2021-08-15 16:33:47,874 [Worker-50: Launching MainFrame] INFO  o.e.m.c.i.embedder.EclipseLogger - Copying 0 resource
2021-08-15 16:34:55,980 [Worker-57: Launching MainFrame] WARN  o.e.m.c.i.embedder.EclipseLogger - Using platform encoding (UTF-8 actually) to copy filtered resources, i.e. build is platform dependent!
2021-08-15 16:34:55,981 [Worker-57: Launching MainFrame] INFO  o.e.m.c.i.embedder.EclipseLogger - Copying 1 resource
2021-08-15 16:34:55,982 [Worker-57: Launching MainFrame] WARN  o.e.m.c.i.embedder.EclipseLogger - Using platform encoding (UTF-8 actually) to copy filtered resources, i.e. build is platform dependent!
2021-08-15 16:34:55,982 [Worker-57: Launching MainFrame] INFO  o.e.m.c.i.embedder.EclipseLogger - Copying 0 resource
2021-08-15 16:35:27,333 [Worker-58: Launching MainFrame] WARN  o.e.m.c.i.embedder.EclipseLogger - Using platform encoding (UTF-8 actually) to copy filtered resources, i.e. build is platform dependent!
2021-08-15 16:35:27,334 [Worker-58: Launching MainFrame] INFO  o.e.m.c.i.embedder.EclipseLogger - Copying 1 resource
2021-08-15 16:35:27,335 [Worker-58: Launching MainFrame] WARN  o.e.m.c.i.embedder.EclipseLogger - Using platform encoding (UTF-8 actually) to copy filtered resources, i.e. build is platform dependent!
2021-08-15 16:35:27,335 [Worker-58: Launching MainFrame] INFO  o.e.m.c.i.embedder.EclipseLogger - Copying 0 resource
2021-08-15 16:37:32,881 [Worker-56: Launching MainFrame] WARN  o.e.m.c.i.embedder.EclipseLogger - Using platform encoding (UTF-8 actually) to copy filtered resources, i.e. build is platform dependent!
2021-08-15 16:37:32,881 [Worker-56: Launching MainFrame] INFO  o.e.m.c.i.embedder.EclipseLogger - Copying 1 resource
2021-08-15 16:37:32,882 [Worker-56: Launching MainFrame] WARN  o.e.m.c.i.embedder.EclipseLogger - Using platform encoding (UTF-8 actually) to copy filtered resources, i.e. build is platform dependent!
2021-08-15 16:37:32,883 [Worker-56: Launching MainFrame] INFO  o.e.m.c.i.embedder.EclipseLogger - Copying 0 resource
2021-08-15 16:38:05,128 [Worker-58: Building] WARN  o.e.m.c.i.embedder.EclipseLogger - Using platform encoding (UTF-8 actually) to copy filtered resources, i.e. build is platform dependent!
2021-08-15 16:38:05,130 [Worker-58: Building] INFO  o.e.m.c.i.embedder.EclipseLogger - Copying 1 resource
2021-08-15 16:38:05,133 [Worker-58: Building] WARN  o.e.m.c.i.embedder.EclipseLogger - Using platform encoding (UTF-8 actually) to copy filtered resources, i.e. build is platform dependent!
2021-08-15 16:38:05,134 [Worker-58: Building] INFO  o.e.m.c.i.embedder.EclipseLogger - Copying 0 resource
2021-08-15 16:43:23,081 [Worker-59: Launching MainFrame] WARN  o.e.m.c.i.embedder.EclipseLogger - Using platform encoding (UTF-8 actually) to copy filtered resources, i.e. build is platform dependent!
2021-08-15 16:43:23,082 [Worker-59: Launching MainFrame] INFO  o.e.m.c.i.embedder.EclipseLogger - Copying 1 resource
2021-08-15 16:43:23,082 [Worker-59: Launching MainFrame] WARN  o.e.m.c.i.embedder.EclipseLogger - Using platform encoding (UTF-8 actually) to copy filtered resources, i.e. build is platform dependent!
2021-08-15 16:43:23,083 [Worker-59: Launching MainFrame] INFO  o.e.m.c.i.embedder.EclipseLogger - Copying 0 resource
2021-08-15 16:43:41,582 [Worker-61: Launching MainFrame] WARN  o.e.m.c.i.embedder.EclipseLogger - Using platform encoding (UTF-8 actually) to copy filtered resources, i.e. build is platform dependent!
2021-08-15 16:43:41,583 [Worker-61: Launching MainFrame] INFO  o.e.m.c.i.embedder.EclipseLogger - Copying 1 resource
2021-08-15 16:43:41,583 [Worker-61: Launching MainFrame] WARN  o.e.m.c.i.embedder.EclipseLogger - Using platform encoding (UTF-8 actually) to copy filtered resources, i.e. build is platform dependent!
2021-08-15 16:43:41,584 [Worker-61: Launching MainFrame] INFO  o.e.m.c.i.embedder.EclipseLogger - Copying 0 resource
2021-08-15 16:49:03,352 [Worker-50: Launching MainFrame] WARN  o.e.m.c.i.embedder.EclipseLogger - Using platform encoding (UTF-8 actually) to copy filtered resources, i.e. build is platform dependent!
2021-08-15 16:49:03,353 [Worker-50: Launching MainFrame] INFO  o.e.m.c.i.embedder.EclipseLogger - Copying 1 resource
2021-08-15 16:49:03,354 [Worker-50: Launching MainFrame] WARN  o.e.m.c.i.embedder.EclipseLogger - Using platform encoding (UTF-8 actually) to copy filtered resources, i.e. build is platform dependent!
2021-08-15 16:49:03,355 [Worker-50: Launching MainFrame] INFO  o.e.m.c.i.embedder.EclipseLogger - Copying 0 resource
2021-08-15 16:54:46,003 [Worker-65: Launching MainFrame] WARN  o.e.m.c.i.embedder.EclipseLogger - Using platform encoding (UTF-8 actually) to copy filtered resources, i.e. build is platform dependent!
2021-08-15 16:54:46,003 [Worker-65: Launching MainFrame] INFO  o.e.m.c.i.embedder.EclipseLogger - Copying 1 resource
2021-08-15 16:54:46,004 [Worker-65: Launching MainFrame] WARN  o.e.m.c.i.embedder.EclipseLogger - Using platform encoding (UTF-8 actually) to copy filtered resources, i.e. build is platform dependent!
2021-08-15 16:54:46,004 [Worker-65: Launching MainFrame] INFO  o.e.m.c.i.embedder.EclipseLogger - Copying 0 resource
2021-08-15 16:55:03,269 [Worker-66: Launching MainFrame] WARN  o.e.m.c.i.embedder.EclipseLogger - Using platform encoding (UTF-8 actually) to copy filtered resources, i.e. build is platform dependent!
2021-08-15 16:55:03,270 [Worker-66: Launching MainFrame] INFO  o.e.m.c.i.embedder.EclipseLogger - Copying 1 resource
2021-08-15 16:55:03,271 [Worker-66: Launching MainFrame] WARN  o.e.m.c.i.embedder.EclipseLogger - Using platform encoding (UTF-8 actually) to copy filtered resources, i.e. build is platform dependent!
2021-08-15 16:55:03,271 [Worker-66: Launching MainFrame] INFO  o.e.m.c.i.embedder.EclipseLogger - Copying 0 resource
2021-08-15 16:56:15,466 [Worker-69: Launching MainFrame] WARN  o.e.m.c.i.embedder.EclipseLogger - Using platform encoding (UTF-8 actually) to copy filtered resources, i.e. build is platform dependent!
2021-08-15 16:56:15,467 [Worker-69: Launching MainFrame] INFO  o.e.m.c.i.embedder.EclipseLogger - Copying 1 resource
2021-08-15 16:56:15,467 [Worker-69: Launching MainFrame] WARN  o.e.m.c.i.embedder.EclipseLogger - Using platform encoding (UTF-8 actually) to copy filtered resources, i.e. build is platform dependent!
2021-08-15 16:56:15,468 [Worker-69: Launching MainFrame] INFO  o.e.m.c.i.embedder.EclipseLogger - Copying 0 resource
2021-08-15 16:57:39,923 [Worker-59: Launching MainFrame] WARN  o.e.m.c.i.embedder.EclipseLogger - Using platform encoding (UTF-8 actually) to copy filtered resources, i.e. build is platform dependent!
2021-08-15 16:57:39,923 [Worker-59: Launching MainFrame] INFO  o.e.m.c.i.embedder.EclipseLogger - Copying 1 resource
2021-08-15 16:57:39,924 [Worker-59: Launching MainFrame] WARN  o.e.m.c.i.embedder.EclipseLogger - Using platform encoding (UTF-8 actually) to copy filtered resources, i.e. build is platform dependent!
2021-08-15 16:57:39,924 [Worker-59: Launching MainFrame] INFO  o.e.m.c.i.embedder.EclipseLogger - Copying 0 resource
2021-08-15 16:58:27,007 [Worker-66: Launching MainFrame] WARN  o.e.m.c.i.embedder.EclipseLogger - Using platform encoding (UTF-8 actually) to copy filtered resources, i.e. build is platform dependent!
2021-08-15 16:58:27,008 [Worker-66: Launching MainFrame] INFO  o.e.m.c.i.embedder.EclipseLogger - Copying 1 resource
2021-08-15 16:58:27,009 [Worker-66: Launching MainFrame] WARN  o.e.m.c.i.embedder.EclipseLogger - Using platform encoding (UTF-8 actually) to copy filtered resources, i.e. build is platform dependent!
2021-08-15 16:58:27,009 [Worker-66: Launching MainFrame] INFO  o.e.m.c.i.embedder.EclipseLogger - Copying 0 resource
2021-08-15 16:58:53,759 [Worker-71: Launching MainFrame] WARN  o.e.m.c.i.embedder.EclipseLogger - Using platform encoding (UTF-8 actually) to copy filtered resources, i.e. build is platform dependent!
2021-08-15 16:58:53,759 [Worker-71: Launching MainFrame] INFO  o.e.m.c.i.embedder.EclipseLogger - Copying 1 resource
2021-08-15 16:58:53,760 [Worker-71: Launching MainFrame] WARN  o.e.m.c.i.embedder.EclipseLogger - Using platform encoding (UTF-8 actually) to copy filtered resources, i.e. build is platform dependent!
2021-08-15 16:58:53,760 [Worker-71: Launching MainFrame] INFO  o.e.m.c.i.embedder.EclipseLogger - Copying 0 resource
2021-08-15 17:16:28,579 [Worker-75: Launching MainFrame] WARN  o.e.m.c.i.embedder.EclipseLogger - Using platform encoding (UTF-8 actually) to copy filtered resources, i.e. build is platform dependent!
2021-08-15 17:16:28,580 [Worker-75: Launching MainFrame] INFO  o.e.m.c.i.embedder.EclipseLogger - Copying 1 resource
2021-08-15 17:16:28,581 [Worker-75: Launching MainFrame] WARN  o.e.m.c.i.embedder.EclipseLogger - Using platform encoding (UTF-8 actually) to copy filtered resources, i.e. build is platform dependent!
2021-08-15 17:16:28,581 [Worker-75: Launching MainFrame] INFO  o.e.m.c.i.embedder.EclipseLogger - Copying 0 resource
2021-08-15 17:17:39,730 [Worker-75: Launching MainFrame] WARN  o.e.m.c.i.embedder.EclipseLogger - Using platform encoding (UTF-8 actually) to copy filtered resources, i.e. build is platform dependent!
2021-08-15 17:17:39,730 [Worker-75: Launching MainFrame] INFO  o.e.m.c.i.embedder.EclipseLogger - Copying 1 resource
2021-08-15 17:17:39,731 [Worker-75: Launching MainFrame] WARN  o.e.m.c.i.embedder.EclipseLogger - Using platform encoding (UTF-8 actually) to copy filtered resources, i.e. build is platform dependent!
2021-08-15 17:17:39,732 [Worker-75: Launching MainFrame] INFO  o.e.m.c.i.embedder.EclipseLogger - Copying 0 resource
2021-08-15 17:23:19,356 [Worker-77: Launching MainFrame] WARN  o.e.m.c.i.embedder.EclipseLogger - Using platform encoding (UTF-8 actually) to copy filtered resources, i.e. build is platform dependent!
2021-08-15 17:23:19,356 [Worker-77: Launching MainFrame] INFO  o.e.m.c.i.embedder.EclipseLogger - Copying 1 resource
2021-08-15 17:23:19,357 [Worker-77: Launching MainFrame] WARN  o.e.m.c.i.embedder.EclipseLogger - Using platform encoding (UTF-8 actually) to copy filtered resources, i.e. build is platform dependent!
2021-08-15 17:23:19,358 [Worker-77: Launching MainFrame] INFO  o.e.m.c.i.embedder.EclipseLogger - Copying 0 resource
